<?xml version="1.0" encoding="UTF-8"?>
<testsuite name="com.github.kayjamlang.tests.expressions.ValueExpressionTest" tests="6" skipped="0" failures="0" errors="0" timestamp="2025-03-09T10:07:28" hostname="pc.home.levkopo.ru" time="0.001">
  <properties/>
  <testcase name="doubleValue" classname="com.github.kayjamlang.tests.expressions.ValueExpressionTest" time="0.001"/>
  <testcase name="stringValue" classname="com.github.kayjamlang.tests.expressions.ValueExpressionTest" time="0.0"/>
  <testcase name="negativeNumberValue" classname="com.github.kayjamlang.tests.expressions.ValueExpressionTest" time="0.0"/>
  <testcase name="longValue" classname="com.github.kayjamlang.tests.expressions.ValueExpressionTest" time="0.0"/>
  <testcase name="intValue" classname="com.github.kayjamlang.tests.expressions.ValueExpressionTest" time="0.0"/>
  <testcase name="nullValue" classname="com.github.kayjamlang.tests.expressions.ValueExpressionTest" time="0.0"/>
  <system-out><![CDATA[]]></system-out>
  <system-err><![CDATA[]]></system-err>
</testsuite>
