<?xml version="1.0" encoding="UTF-8"?>
<testsuite name="com.github.kayjamlang.tests.FileParseTest" tests="1" skipped="0" failures="0" errors="0" timestamp="2025-03-09T10:07:28" hostname="pc.home.levkopo.ru" time="0.004">
  <properties/>
  <testcase name="parse" classname="com.github.kayjamlang.tests.FileParseTest" time="0.004"/>
  <system-out><![CDATA[test
]]></system-out>
  <system-err><![CDATA[]]></system-err>
</testsuite>
