<?xml version="1.0" encoding="UTF-8"?>
<testsuite name="com.github.kayjamlang.tests.TypeTests" tests="7" skipped="0" failures="0" errors="0" timestamp="2025-03-09T10:07:28" hostname="pc.home.levkopo.ru" time="0.003">
  <properties/>
  <testcase name="nullable" classname="com.github.kayjamlang.tests.TypeTests" time="0.001"/>
  <testcase name="multiTypeParse" classname="com.github.kayjamlang.tests.TypeTests" time="0.0"/>
  <testcase name="multiTypeParseWithStart" classname="com.github.kayjamlang.tests.TypeTests" time="0.0"/>
  <testcase name="primitiveTypeForFunctionParseException" classname="com.github.kayjamlang.tests.TypeTests" time="0.0"/>
  <testcase name="typeParse" classname="com.github.kayjamlang.tests.TypeTests" time="0.0"/>
  <testcase name="primitiveTypeParse" classname="com.github.kayjamlang.tests.TypeTests" time="0.001"/>
  <testcase name="primitiveTypeForFunctionParse" classname="com.github.kayjamlang.tests.TypeTests" time="0.0"/>
  <system-out><![CDATA[]]></system-out>
  <system-err><![CDATA[]]></system-err>
</testsuite>
