<?xml version="1.0" encoding="UTF-8"?>
<testsuite name="com.github.kayjamlang.tests.containers.FunctionTests" tests="3" skipped="0" failures="0" errors="0" timestamp="2025-03-09T10:07:28" hostname="pc.home.levkopo.ru" time="0.001">
  <properties/>
  <testcase name="oneArgument" classname="com.github.kayjamlang.tests.containers.FunctionTests" time="0.0"/>
  <testcase name="noArgument" classname="com.github.kayjamlang.tests.containers.FunctionTests" time="0.0"/>
  <testcase name="twoArgument" classname="com.github.kayjamlang.tests.containers.FunctionTests" time="0.001"/>
  <system-out><![CDATA[]]></system-out>
  <system-err><![CDATA[]]></system-err>
</testsuite>
